  stdafx.cpp
  AssemblyInfo.cpp
  input.cpp
d:\視窗程式設計第5次作業_4105056021_賴怡呈\視窗程式設計第5次作業_4105056021_賴怡呈\input.h(151): warning C4965: 整數 0 的隱含 Box，請使用 nullptr 或明確轉型
d:\視窗程式設計第5次作業_4105056021_賴怡呈\視窗程式設計第5次作業_4105056021_賴怡呈\input.h(437): warning C4965: 整數 0 的隱含 Box，請使用 nullptr 或明確轉型
d:\視窗程式設計第5次作業_4105056021_賴怡呈\視窗程式設計第5次作業_4105056021_賴怡呈\input.h(437): warning C4018: '<': signed/unsigned 不相符
d:\視窗程式設計第5次作業_4105056021_賴怡呈\視窗程式設計第5次作業_4105056021_賴怡呈\input.h(493): warning C4965: 整數 0 的隱含 Box，請使用 nullptr 或明確轉型
d:\視窗程式設計第5次作業_4105056021_賴怡呈\視窗程式設計第5次作業_4105056021_賴怡呈\input.h(493): warning C4018: '<': signed/unsigned 不相符
d:\視窗程式設計第5次作業_4105056021_賴怡呈\視窗程式設計第5次作業_4105056021_賴怡呈\input.h(550): warning C4965: 整數 0 的隱含 Box，請使用 nullptr 或明確轉型
d:\視窗程式設計第5次作業_4105056021_賴怡呈\視窗程式設計第5次作業_4105056021_賴怡呈\input.h(550): warning C4018: '<': signed/unsigned 不相符
  MyForm.cpp
d:\視窗程式設計第5次作業_4105056021_賴怡呈\視窗程式設計第5次作業_4105056021_賴怡呈\readfile.h(133): warning C4965: 整數 0 的隱含 Box，請使用 nullptr 或明確轉型
d:\視窗程式設計第5次作業_4105056021_賴怡呈\視窗程式設計第5次作業_4105056021_賴怡呈\readfile.h(156): warning C4965: 整數 0 的隱含 Box，請使用 nullptr 或明確轉型
d:\視窗程式設計第5次作業_4105056021_賴怡呈\視窗程式設計第5次作業_4105056021_賴怡呈\readfile.h(442): warning C4965: 整數 0 的隱含 Box，請使用 nullptr 或明確轉型
d:\視窗程式設計第5次作業_4105056021_賴怡呈\視窗程式設計第5次作業_4105056021_賴怡呈\readfile.h(442): warning C4018: '<': signed/unsigned 不相符
d:\視窗程式設計第5次作業_4105056021_賴怡呈\視窗程式設計第5次作業_4105056021_賴怡呈\readfile.h(498): warning C4965: 整數 0 的隱含 Box，請使用 nullptr 或明確轉型
d:\視窗程式設計第5次作業_4105056021_賴怡呈\視窗程式設計第5次作業_4105056021_賴怡呈\readfile.h(498): warning C4018: '<': signed/unsigned 不相符
d:\視窗程式設計第5次作業_4105056021_賴怡呈\視窗程式設計第5次作業_4105056021_賴怡呈\readfile.h(555): warning C4965: 整數 0 的隱含 Box，請使用 nullptr 或明確轉型
d:\視窗程式設計第5次作業_4105056021_賴怡呈\視窗程式設計第5次作業_4105056021_賴怡呈\readfile.h(555): warning C4018: '<': signed/unsigned 不相符
d:\視窗程式設計第5次作業_4105056021_賴怡呈\視窗程式設計第5次作業_4105056021_賴怡呈\input.h(151): warning C4965: 整數 0 的隱含 Box，請使用 nullptr 或明確轉型
d:\視窗程式設計第5次作業_4105056021_賴怡呈\視窗程式設計第5次作業_4105056021_賴怡呈\input.h(437): warning C4965: 整數 0 的隱含 Box，請使用 nullptr 或明確轉型
d:\視窗程式設計第5次作業_4105056021_賴怡呈\視窗程式設計第5次作業_4105056021_賴怡呈\input.h(437): warning C4018: '<': signed/unsigned 不相符
d:\視窗程式設計第5次作業_4105056021_賴怡呈\視窗程式設計第5次作業_4105056021_賴怡呈\input.h(493): warning C4965: 整數 0 的隱含 Box，請使用 nullptr 或明確轉型
d:\視窗程式設計第5次作業_4105056021_賴怡呈\視窗程式設計第5次作業_4105056021_賴怡呈\input.h(493): warning C4018: '<': signed/unsigned 不相符
d:\視窗程式設計第5次作業_4105056021_賴怡呈\視窗程式設計第5次作業_4105056021_賴怡呈\input.h(550): warning C4965: 整數 0 的隱含 Box，請使用 nullptr 或明確轉型
d:\視窗程式設計第5次作業_4105056021_賴怡呈\視窗程式設計第5次作業_4105056021_賴怡呈\input.h(550): warning C4018: '<': signed/unsigned 不相符
d:\視窗程式設計第5次作業_4105056021_賴怡呈\視窗程式設計第5次作業_4105056021_賴怡呈\MyForm.h(1250): warning C4965: 整數 0 的隱含 Box，請使用 nullptr 或明確轉型
d:\視窗程式設計第5次作業_4105056021_賴怡呈\視窗程式設計第5次作業_4105056021_賴怡呈\MyForm.h(1695): warning C4965: 整數 0 的隱含 Box，請使用 nullptr 或明確轉型
d:\視窗程式設計第5次作業_4105056021_賴怡呈\視窗程式設計第5次作業_4105056021_賴怡呈\MyForm.h(1980): warning C4965: 整數 0 的隱含 Box，請使用 nullptr 或明確轉型
d:\視窗程式設計第5次作業_4105056021_賴怡呈\視窗程式設計第5次作業_4105056021_賴怡呈\MyForm.h(1980): warning C4018: '<': signed/unsigned 不相符
  MyForm1.cpp
  MyForm2.cpp
  MyForm3.cpp
  readfile.cpp
d:\視窗程式設計第5次作業_4105056021_賴怡呈\視窗程式設計第5次作業_4105056021_賴怡呈\readfile.h(133): warning C4965: 整數 0 的隱含 Box，請使用 nullptr 或明確轉型
d:\視窗程式設計第5次作業_4105056021_賴怡呈\視窗程式設計第5次作業_4105056021_賴怡呈\readfile.h(156): warning C4965: 整數 0 的隱含 Box，請使用 nullptr 或明確轉型
d:\視窗程式設計第5次作業_4105056021_賴怡呈\視窗程式設計第5次作業_4105056021_賴怡呈\readfile.h(442): warning C4965: 整數 0 的隱含 Box，請使用 nullptr 或明確轉型
d:\視窗程式設計第5次作業_4105056021_賴怡呈\視窗程式設計第5次作業_4105056021_賴怡呈\readfile.h(442): warning C4018: '<': signed/unsigned 不相符
d:\視窗程式設計第5次作業_4105056021_賴怡呈\視窗程式設計第5次作業_4105056021_賴怡呈\readfile.h(498): warning C4965: 整數 0 的隱含 Box，請使用 nullptr 或明確轉型
d:\視窗程式設計第5次作業_4105056021_賴怡呈\視窗程式設計第5次作業_4105056021_賴怡呈\readfile.h(498): warning C4018: '<': signed/unsigned 不相符
d:\視窗程式設計第5次作業_4105056021_賴怡呈\視窗程式設計第5次作業_4105056021_賴怡呈\readfile.h(555): warning C4965: 整數 0 的隱含 Box，請使用 nullptr 或明確轉型
d:\視窗程式設計第5次作業_4105056021_賴怡呈\視窗程式設計第5次作業_4105056021_賴怡呈\readfile.h(555): warning C4018: '<': signed/unsigned 不相符
  視窗程式設計第5次作業_4105056021_賴怡呈.cpp
d:\視窗程式設計第5次作業_4105056021_賴怡呈\視窗程式設計第5次作業_4105056021_賴怡呈\readfile.h(133): warning C4965: 整數 0 的隱含 Box，請使用 nullptr 或明確轉型
d:\視窗程式設計第5次作業_4105056021_賴怡呈\視窗程式設計第5次作業_4105056021_賴怡呈\readfile.h(156): warning C4965: 整數 0 的隱含 Box，請使用 nullptr 或明確轉型
d:\視窗程式設計第5次作業_4105056021_賴怡呈\視窗程式設計第5次作業_4105056021_賴怡呈\readfile.h(442): warning C4965: 整數 0 的隱含 Box，請使用 nullptr 或明確轉型
d:\視窗程式設計第5次作業_4105056021_賴怡呈\視窗程式設計第5次作業_4105056021_賴怡呈\readfile.h(442): warning C4018: '<': signed/unsigned 不相符
d:\視窗程式設計第5次作業_4105056021_賴怡呈\視窗程式設計第5次作業_4105056021_賴怡呈\readfile.h(498): warning C4965: 整數 0 的隱含 Box，請使用 nullptr 或明確轉型
d:\視窗程式設計第5次作業_4105056021_賴怡呈\視窗程式設計第5次作業_4105056021_賴怡呈\readfile.h(498): warning C4018: '<': signed/unsigned 不相符
d:\視窗程式設計第5次作業_4105056021_賴怡呈\視窗程式設計第5次作業_4105056021_賴怡呈\readfile.h(555): warning C4965: 整數 0 的隱含 Box，請使用 nullptr 或明確轉型
d:\視窗程式設計第5次作業_4105056021_賴怡呈\視窗程式設計第5次作業_4105056021_賴怡呈\readfile.h(555): warning C4018: '<': signed/unsigned 不相符
d:\視窗程式設計第5次作業_4105056021_賴怡呈\視窗程式設計第5次作業_4105056021_賴怡呈\input.h(151): warning C4965: 整數 0 的隱含 Box，請使用 nullptr 或明確轉型
d:\視窗程式設計第5次作業_4105056021_賴怡呈\視窗程式設計第5次作業_4105056021_賴怡呈\input.h(437): warning C4965: 整數 0 的隱含 Box，請使用 nullptr 或明確轉型
d:\視窗程式設計第5次作業_4105056021_賴怡呈\視窗程式設計第5次作業_4105056021_賴怡呈\input.h(437): warning C4018: '<': signed/unsigned 不相符
d:\視窗程式設計第5次作業_4105056021_賴怡呈\視窗程式設計第5次作業_4105056021_賴怡呈\input.h(493): warning C4965: 整數 0 的隱含 Box，請使用 nullptr 或明確轉型
d:\視窗程式設計第5次作業_4105056021_賴怡呈\視窗程式設計第5次作業_4105056021_賴怡呈\input.h(493): warning C4018: '<': signed/unsigned 不相符
d:\視窗程式設計第5次作業_4105056021_賴怡呈\視窗程式設計第5次作業_4105056021_賴怡呈\input.h(550): warning C4965: 整數 0 的隱含 Box，請使用 nullptr 或明確轉型
d:\視窗程式設計第5次作業_4105056021_賴怡呈\視窗程式設計第5次作業_4105056021_賴怡呈\input.h(550): warning C4018: '<': signed/unsigned 不相符
d:\視窗程式設計第5次作業_4105056021_賴怡呈\視窗程式設計第5次作業_4105056021_賴怡呈\MyForm.h(1250): warning C4965: 整數 0 的隱含 Box，請使用 nullptr 或明確轉型
d:\視窗程式設計第5次作業_4105056021_賴怡呈\視窗程式設計第5次作業_4105056021_賴怡呈\MyForm.h(1695): warning C4965: 整數 0 的隱含 Box，請使用 nullptr 或明確轉型
d:\視窗程式設計第5次作業_4105056021_賴怡呈\視窗程式設計第5次作業_4105056021_賴怡呈\MyForm.h(1980): warning C4965: 整數 0 的隱含 Box，請使用 nullptr 或明確轉型
d:\視窗程式設計第5次作業_4105056021_賴怡呈\視窗程式設計第5次作業_4105056021_賴怡呈\MyForm.h(1980): warning C4018: '<': signed/unsigned 不相符
  正在產生程式碼...
  .NETFramework,Version=v4.5.2.AssemblyAttributes.cpp
  AssemblyInfo.obj : Managed 程式碼存在時不支援 /DEBUG:FASTLINK; 正在以 /DEBUG:FULL 重新啟動連結
  視窗程式設計第5次作業_4105056021_賴怡呈.vcxproj -> D:\視窗程式設計第5次作業_4105056021_賴怡呈\Debug\視窗程式設計第5次作業_4105056021_賴怡呈.exe
  視窗程式設計第5次作業_4105056021_賴怡呈.vcxproj -> D:\視窗程式設計第5次作業_4105056021_賴怡呈\Debug\視窗程式設計第5次作業_4105056021_賴怡呈.pdb (Partial PDB)
